<?xml version="1.0" encoding="UTF-8"?>
<!-- Generated by org.testng.reporters.JUnitReportReporter -->
<testsuite hostname="TYSS-Shobha" failures="0" tests="1" name="Demo.SampleTest" time="0.013" errors="0" timestamp="2023-12-15T11:13:33 IST" skipped="0">
  <testcase classname="Demo.SampleTest" name="m1" time="0.013"/>
</testsuite> <!-- Demo.SampleTest -->
